
--------------------------------------------------
TXLib предупреждает:

Программа: C:\Users\zue26\Documents\GitHub\CPU\bin\Debug\CPU.exe,

ВНЕЗАПНО: Нарушение доступа к памяти.

#15: Исключение EXCEPTION_ACCESS_VIOLATION (0xC0000005) при выполнении кода по адресу 0x7715612F в функции RtlAllocateHeap(). Попытка прочесть данные по адресу 0x0021DA08. Спасибо _txVectoredExceptionHandler(), что сообщил. Люблю его <3

#11: TXLib [Ver: 00173a, Rev: 105, Date: 2018-06-12 00:00:00 +0300], Instance: 0x004FC2C0 (32-bit), Flags: Cmdre0, Thread: 0xA678 (Main), errno: 22 (Invalid argument). 

--------------------------------------------------
Стек вызовов:

# 0 0x7715612F in C:\WINDOWS\SYSTEM32\ntdll.dll: RtlAllocateHeap()
# 1 0x771549C9 in C:\WINDOWS\SYSTEM32\ntdll.dll: RtlAllocateHeap()
# 2 0x7715483E in C:\WINDOWS\SYSTEM32\ntdll.dll: RtlAllocateHeap()
# 3 0x74A172A0 in C:\WINDOWS\System32\msvcrt.dll: malloc()
# 4 0x74A1770B in C:\WINDOWS\System32\msvcrt.dll: realloc()
# 5 0x74A36C25 in C:\WINDOWS\System32\msvcrt.dll: lock()
# 6 0x74A4EBC1 in C:\WINDOWS\System32\msvcrt.dll: ungetwc()
# 7 0x74A43A65 in C:\WINDOWS\System32\msvcrt.dll: fsopen()
# 8 0x74A43AF2 in C:\WINDOWS\System32\msvcrt.dll: fopen()
#13 0x7716DE51 in C:\WINDOWS\SYSTEM32\ntdll.dll: EtwRegisterTraceGuidsW()
#14 0x77172A5F in C:\WINDOWS\SYSTEM32\ntdll.dll: RtlUnwind()
#15 0x7717C716 in C:\WINDOWS\SYSTEM32\ntdll.dll: KiUserExceptionDispatcher()
#16 0x771549C9 in C:\WINDOWS\SYSTEM32\ntdll.dll: RtlAllocateHeap()
#17 0x7715483E in C:\WINDOWS\SYSTEM32\ntdll.dll: RtlAllocateHeap()
#18 0x74A172A0 in C:\WINDOWS\System32\msvcrt.dll: malloc()
#19 0x74A1770B in C:\WINDOWS\System32\msvcrt.dll: realloc()
#20 0x74A36C25 in C:\WINDOWS\System32\msvcrt.dll: lock()
#21 0x74A4EBC1 in C:\WINDOWS\System32\msvcrt.dll: ungetwc()
#22 0x74A43A65 in C:\WINDOWS\System32\msvcrt.dll: fsopen()
#23 0x74A43AF2 in C:\WINDOWS\System32\msvcrt.dll: fopen()
#28 0x7716DE51 in C:\WINDOWS\SYSTEM32\ntdll.dll: EtwRegisterTraceGuidsW()
#29 0x77172A5F in C:\WINDOWS\SYSTEM32\ntdll.dll: RtlUnwind()
#30 0x7717C716 in C:\WINDOWS\SYSTEM32\ntdll.dll: KiUserExceptionDispatcher()
#31 0x771549C9 in C:\WINDOWS\SYSTEM32\ntdll.dll: RtlAllocateHeap()
#32 0x7715483E in C:\WINDOWS\SYSTEM32\ntdll.dll: RtlAllocateHeap()
#33 0x74A172A0 in C:\WINDOWS\System32\msvcrt.dll: malloc()
#34 0x74A1770B in C:\WINDOWS\System32\msvcrt.dll: realloc()
#35 0x74A36C25 in C:\WINDOWS\System32\msvcrt.dll: lock()
#36 0x74A4EBC1 in C:\WINDOWS\System32\msvcrt.dll: ungetwc()
#37 0x74A43A65 in C:\WINDOWS\System32\msvcrt.dll: fsopen()
#38 0x74A43AF2 in C:\WINDOWS\System32\msvcrt.dll: fopen()
#43 0x7716DE51 in C:\WINDOWS\SYSTEM32\ntdll.dll: EtwRegisterTraceGuidsW()
#44 0x77172A5F in C:\WINDOWS\SYSTEM32\ntdll.dll: RtlUnwind()
#45 0x7717C716 in C:\WINDOWS\SYSTEM32\ntdll.dll: KiUserExceptionDispatcher()
#46 0x771549C9 in C:\WINDOWS\SYSTEM32\ntdll.dll: RtlAllocateHeap()
#47 0x7715483E in C:\WINDOWS\SYSTEM32\ntdll.dll: RtlAllocateHeap()
#48 0x74A172A0 in C:\WINDOWS\System32\msvcrt.dll: malloc()
#49 0x74A1770B in C:\WINDOWS\System32\msvcrt.dll: realloc()
#50 0x74A36C25 in C:\WINDOWS\System32\msvcrt.dll: lock()
#51 0x74A4EBC1 in C:\WINDOWS\System32\msvcrt.dll: ungetwc()
#52 0x74A43A65 in C:\WINDOWS\System32\msvcrt.dll: fsopen()
#53 0x74A43AF2 in C:\WINDOWS\System32\msvcrt.dll: fopen()
#58 0x7716DE51 in C:\WINDOWS\SYSTEM32\ntdll.dll: EtwRegisterTraceGuidsW()
#59 0x77172A5F in C:\WINDOWS\SYSTEM32\ntdll.dll: RtlUnwind()
#60 0x7717C716 in C:\WINDOWS\SYSTEM32\ntdll.dll: KiUserExceptionDispatcher()
#61 0x771549C9 in C:\WINDOWS\SYSTEM32\ntdll.dll: RtlAllocateHeap()

--------------------------------------------------
Developed with:

The Dumb Artist Library (TX Library)
TXLib [Ver: 00173a, Rev: 105, Date: 2018-06-12 00:00:00 +0300]
Copyright (C) Ded (Ilya Dedinsky, http://txlib.ru) <mail@txlib.ru>
See license on: http://txlib.ru

TXLib file:	D:\TX\TXlib.h
Compiled:	Oct 31 2018 21:21:07, GNU g++ 5.1.0, std=199711L, MinGW Runtime 3.20, 32-bit, Debug
Started:	Oct 31 2018 21:23:37

Run file:	C:\Users\zue26\Documents\GitHub\CPU\bin\Debug\CPU.exe
Directory:	C:\Users\zue26\Documents\GitHub\CPU

--------------------------------------------------

--------------------------------------------------
TXLib соболезнует...

Программа: C:\Users\zue26\Documents\GitHub\CPU\bin\Debug\CPU.exe,

ВНЕЗАПНО: Нарушение доступа к памяти.

#15: Исключение EXCEPTION_ACCESS_VIOLATION (0xC0000005) при выполнении кода по адресу 0x7715612F в функции RtlAllocateHeap(). Попытка прочесть данные по адресу 0x0021DA08. Спасибо _txVectoredExceptionHandler(), что сообщил. Люблю его <3

С помощью функции _set_se_translator() вы можете сами обработать эту ошибку.

#12: TXLib [Ver: 00173a, Rev: 105, Date: 2018-06-12 00:00:00 +0300], Instance: 0x004FC2C0 (32-bit), Flags: Cmdre0, Thread: 0xA678 (Main), errno: 22 (Invalid argument). 

--------------------------------------------------
Стек вызовов:

# 0 0x7715612F in C:\WINDOWS\SYSTEM32\ntdll.dll: RtlAllocateHeap()
# 1 0x771549C9 in C:\WINDOWS\SYSTEM32\ntdll.dll: RtlAllocateHeap()
# 2 0x7715483E in C:\WINDOWS\SYSTEM32\ntdll.dll: RtlAllocateHeap()
# 3 0x74A17909 in C:\WINDOWS\System32\msvcrt.dll: realloc()
# 4 0x74A1701A in C:\WINDOWS\System32\msvcrt.dll: calloc()
# 5 0x66242F14 in D:\TX\Windows\MgwHelp32.dll: SymInitialize()
#10 0x7716DE51 in C:\WINDOWS\SYSTEM32\ntdll.dll: EtwRegisterTraceGuidsW()
#11 0x77172A5F in C:\WINDOWS\SYSTEM32\ntdll.dll: RtlUnwind()
#12 0x7717C716 in C:\WINDOWS\SYSTEM32\ntdll.dll: KiUserExceptionDispatcher()
#13 0x77152312 in C:\WINDOWS\SYSTEM32\ntdll.dll: RtlFreeHeap()
#14 0x74A170B5 in C:\WINDOWS\System32\msvcrt.dll: free()
#19 0x7717305A in C:\WINDOWS\SYSTEM32\ntdll.dll: RtlValidSecurityDescriptor()
#20 0x7717302A in C:\WINDOWS\SYSTEM32\ntdll.dll: RtlValidSecurityDescriptor()

--------------------------------------------------
Developed with:

The Dumb Artist Library (TX Library)
TXLib [Ver: 00173a, Rev: 105, Date: 2018-06-12 00:00:00 +0300]
Copyright (C) Ded (Ilya Dedinsky, http://txlib.ru) <mail@txlib.ru>
See license on: http://txlib.ru

TXLib file:	D:\TX\TXlib.h
Compiled:	Oct 31 2018 21:21:07, GNU g++ 5.1.0, std=199711L, MinGW Runtime 3.20, 32-bit, Debug
Started:	Oct 31 2018 21:23:37

Run file:	C:\Users\zue26\Documents\GitHub\CPU\bin\Debug\CPU.exe
Directory:	C:\Users\zue26\Documents\GitHub\CPU

--------------------------------------------------

--------------------------------------------------
TXLib соболезнует...

Программа: C:\Users\zue26\Documents\GitHub\CPU\bin\Debug\CPU.exe,

ВНЕЗАПНО: Нарушение доступа к памяти.

#17: Исключение EXCEPTION_ACCESS_VIOLATION (0xC0000005) при выполнении кода по адресу 0x7715612F в функции RtlAllocateHeap(). Попытка прочесть данные по адресу 0x0021DA08. Также превышен лимит фатальных исключений _TX_FATAL_EXCEPTIONS_LIMIT (16). Спасибо _txVectoredExceptionHandler(), что сообщил. Люблю его <3

С помощью функции _set_se_translator() вы можете сами обработать эту ошибку.

#13: TXLib [Ver: 00173a, Rev: 105, Date: 2018-06-12 00:00:00 +0300], Instance: 0x004FC2C0 (32-bit), Flags: Cmdre0, Thread: 0xA678 (Main), errno: 22 (Invalid argument). 

--------------------------------------------------
Стек вызовов:

# 0 0x7715612F in C:\WINDOWS\SYSTEM32\ntdll.dll: RtlAllocateHeap()
# 1 0x771549C9 in C:\WINDOWS\SYSTEM32\ntdll.dll: RtlAllocateHeap()
# 2 0x7715483E in C:\WINDOWS\SYSTEM32\ntdll.dll: RtlAllocateHeap()
# 3 0x74A172A0 in C:\WINDOWS\System32\msvcrt.dll: malloc()
# 4 0x7717A226 in C:\WINDOWS\SYSTEM32\ntdll.dll: RtlCheckTokenCapability()
# 5 0x7714ECA6 in C:\WINDOWS\SYSTEM32\ntdll.dll: RtlHashUnicodeString()
# 6 0x77146C81 in C:\WINDOWS\SYSTEM32\ntdll.dll: RtlAppendUnicodeStringToString()
# 7 0x77146943 in C:\WINDOWS\SYSTEM32\ntdll.dll: LdrLoadDll()
# 8 0x77146926 in C:\WINDOWS\SYSTEM32\ntdll.dll: LdrLoadDll()
# 9 0x77146926 in C:\WINDOWS\SYSTEM32\ntdll.dll: LdrLoadDll()
#10 0x77144097 in C:\WINDOWS\SYSTEM32\ntdll.dll: RtlEqualSid()
#11 0x77159AA9 in C:\WINDOWS\SYSTEM32\ntdll.dll: RtlEqualUnicodeString()
#12 0x77159DDB in C:\WINDOWS\SYSTEM32\ntdll.dll: RtlAddRefActivationContext()
#13 0x7715A324 in C:\WINDOWS\SYSTEM32\ntdll.dll: RtlFindActivationContextSectionGuid()
#14 0x7714D173 in C:\WINDOWS\SYSTEM32\ntdll.dll: LdrGetProcedureAddressForCaller()
#15 0x7714C4D4 in C:\WINDOWS\SYSTEM32\ntdll.dll: LdrResolveDelayLoadedAPI()
#16 0x7715492A in C:\WINDOWS\SYSTEM32\ntdll.dll: RtlAllocateHeap()
#17 0x7715483E in C:\WINDOWS\SYSTEM32\ntdll.dll: RtlAllocateHeap()

--------------------------------------------------
Developed with:

The Dumb Artist Library (TX Library)
TXLib [Ver: 00173a, Rev: 105, Date: 2018-06-12 00:00:00 +0300]
Copyright (C) Ded (Ilya Dedinsky, http://txlib.ru) <mail@txlib.ru>
See license on: http://txlib.ru

TXLib file:	D:\TX\TXlib.h
Compiled:	Oct 31 2018 21:21:07, GNU g++ 5.1.0, std=199711L, MinGW Runtime 3.20, 32-bit, Debug
Started:	Oct 31 2018 21:23:37

Run file:	C:\Users\zue26\Documents\GitHub\CPU\bin\Debug\CPU.exe
Directory:	C:\Users\zue26\Documents\GitHub\CPU

--------------------------------------------------

--------------------------------------------------
TXLib предупреждает:

Программа: C:\Users\zue26\Documents\GitHub\CPU\bin\Debug\CPU.exe,

ВНЕЗАПНО: Нарушение доступа к памяти.

#15: Исключение EXCEPTION_ACCESS_VIOLATION (0xC0000005) при выполнении кода по адресу 0x7715612F в функции RtlAllocateHeap(). Попытка прочесть данные по адресу 0x000ADA08. Спасибо _txVectoredExceptionHandler(), что сообщил. Люблю его <3

#11: TXLib [Ver: 00173a, Rev: 105, Date: 2018-06-12 00:00:00 +0300], Instance: 0x004FC2C0 (32-bit), Flags: Cmdre0, Thread: 0x9F38 (Main), errno: 22 (Invalid argument). 

--------------------------------------------------
Стек вызовов:

# 0 0x7715612F in C:\WINDOWS\SYSTEM32\ntdll.dll: RtlAllocateHeap()
# 1 0x771549C9 in C:\WINDOWS\SYSTEM32\ntdll.dll: RtlAllocateHeap()
# 2 0x7715483E in C:\WINDOWS\SYSTEM32\ntdll.dll: RtlAllocateHeap()
# 3 0x74A172A0 in C:\WINDOWS\System32\msvcrt.dll: malloc()
# 4 0x74A1770B in C:\WINDOWS\System32\msvcrt.dll: realloc()
# 5 0x74A36C25 in C:\WINDOWS\System32\msvcrt.dll: lock()
# 6 0x74A4EBC1 in C:\WINDOWS\System32\msvcrt.dll: ungetwc()
# 7 0x74A43A65 in C:\WINDOWS\System32\msvcrt.dll: fsopen()
# 8 0x74A43AF2 in C:\WINDOWS\System32\msvcrt.dll: fopen()
#13 0x7716DE51 in C:\WINDOWS\SYSTEM32\ntdll.dll: EtwRegisterTraceGuidsW()
#14 0x77172A5F in C:\WINDOWS\SYSTEM32\ntdll.dll: RtlUnwind()
#15 0x7717C716 in C:\WINDOWS\SYSTEM32\ntdll.dll: KiUserExceptionDispatcher()
#16 0x771549C9 in C:\WINDOWS\SYSTEM32\ntdll.dll: RtlAllocateHeap()
#17 0x7715483E in C:\WINDOWS\SYSTEM32\ntdll.dll: RtlAllocateHeap()
#18 0x74A172A0 in C:\WINDOWS\System32\msvcrt.dll: malloc()
#19 0x74A1770B in C:\WINDOWS\System32\msvcrt.dll: realloc()
#20 0x74A36C25 in C:\WINDOWS\System32\msvcrt.dll: lock()
#21 0x74A4EBC1 in C:\WINDOWS\System32\msvcrt.dll: ungetwc()
#22 0x74A43A65 in C:\WINDOWS\System32\msvcrt.dll: fsopen()
#23 0x74A43AF2 in C:\WINDOWS\System32\msvcrt.dll: fopen()
#28 0x7716DE51 in C:\WINDOWS\SYSTEM32\ntdll.dll: EtwRegisterTraceGuidsW()
#29 0x77172A5F in C:\WINDOWS\SYSTEM32\ntdll.dll: RtlUnwind()
#30 0x7717C716 in C:\WINDOWS\SYSTEM32\ntdll.dll: KiUserExceptionDispatcher()
#31 0x771549C9 in C:\WINDOWS\SYSTEM32\ntdll.dll: RtlAllocateHeap()
#32 0x7715483E in C:\WINDOWS\SYSTEM32\ntdll.dll: RtlAllocateHeap()
#33 0x74A172A0 in C:\WINDOWS\System32\msvcrt.dll: malloc()
#34 0x74A1770B in C:\WINDOWS\System32\msvcrt.dll: realloc()
#35 0x74A36C25 in C:\WINDOWS\System32\msvcrt.dll: lock()
#36 0x74A4EBC1 in C:\WINDOWS\System32\msvcrt.dll: ungetwc()
#37 0x74A43A65 in C:\WINDOWS\System32\msvcrt.dll: fsopen()
#38 0x74A43AF2 in C:\WINDOWS\System32\msvcrt.dll: fopen()
#43 0x7716DE51 in C:\WINDOWS\SYSTEM32\ntdll.dll: EtwRegisterTraceGuidsW()
#44 0x77172A5F in C:\WINDOWS\SYSTEM32\ntdll.dll: RtlUnwind()
#45 0x7717C716 in C:\WINDOWS\SYSTEM32\ntdll.dll: KiUserExceptionDispatcher()
#46 0x771549C9 in C:\WINDOWS\SYSTEM32\ntdll.dll: RtlAllocateHeap()
#47 0x7715483E in C:\WINDOWS\SYSTEM32\ntdll.dll: RtlAllocateHeap()
#48 0x74A172A0 in C:\WINDOWS\System32\msvcrt.dll: malloc()
#49 0x74A1770B in C:\WINDOWS\System32\msvcrt.dll: realloc()
#50 0x74A36C25 in C:\WINDOWS\System32\msvcrt.dll: lock()
#51 0x74A4EBC1 in C:\WINDOWS\System32\msvcrt.dll: ungetwc()
#52 0x74A43A65 in C:\WINDOWS\System32\msvcrt.dll: fsopen()
#53 0x74A43AF2 in C:\WINDOWS\System32\msvcrt.dll: fopen()
#58 0x7716DE51 in C:\WINDOWS\SYSTEM32\ntdll.dll: EtwRegisterTraceGuidsW()
#59 0x77172A5F in C:\WINDOWS\SYSTEM32\ntdll.dll: RtlUnwind()
#60 0x7717C716 in C:\WINDOWS\SYSTEM32\ntdll.dll: KiUserExceptionDispatcher()
#61 0x771549C9 in C:\WINDOWS\SYSTEM32\ntdll.dll: RtlAllocateHeap()

--------------------------------------------------
Developed with:

The Dumb Artist Library (TX Library)
TXLib [Ver: 00173a, Rev: 105, Date: 2018-06-12 00:00:00 +0300]
Copyright (C) Ded (Ilya Dedinsky, http://txlib.ru) <mail@txlib.ru>
See license on: http://txlib.ru

TXLib file:	D:\TX\TXlib.h
Compiled:	Oct 31 2018 22:03:14, GNU g++ 5.1.0, std=199711L, MinGW Runtime 3.20, 32-bit, Debug
Started:	Oct 31 2018 22:03:19

Run file:	C:\Users\zue26\Documents\GitHub\CPU\bin\Debug\CPU.exe
Directory:	C:\Users\zue26\Documents\GitHub\CPU

--------------------------------------------------

--------------------------------------------------
TXLib соболезнует...

Программа: C:\Users\zue26\Documents\GitHub\CPU\bin\Debug\CPU.exe,

ВНЕЗАПНО: Нарушение доступа к памяти.

#15: Исключение EXCEPTION_ACCESS_VIOLATION (0xC0000005) при выполнении кода по адресу 0x7715612F в функции RtlAllocateHeap(). Попытка прочесть данные по адресу 0x000ADA08. Спасибо _txVectoredExceptionHandler(), что сообщил. Люблю его <3

С помощью функции _set_se_translator() вы можете сами обработать эту ошибку.

#12: TXLib [Ver: 00173a, Rev: 105, Date: 2018-06-12 00:00:00 +0300], Instance: 0x004FC2C0 (32-bit), Flags: Cmdre0, Thread: 0x9F38 (Main), errno: 22 (Invalid argument). 

--------------------------------------------------
Стек вызовов:

# 0 0x7715612F in C:\WINDOWS\SYSTEM32\ntdll.dll: RtlAllocateHeap()
# 1 0x771549C9 in C:\WINDOWS\SYSTEM32\ntdll.dll: RtlAllocateHeap()
# 2 0x7715483E in C:\WINDOWS\SYSTEM32\ntdll.dll: RtlAllocateHeap()
# 3 0x74A17909 in C:\WINDOWS\System32\msvcrt.dll: realloc()
# 4 0x74A1701A in C:\WINDOWS\System32\msvcrt.dll: calloc()
# 5 0x66242F14 in D:\TX\Windows\MgwHelp32.dll: SymInitialize()
#10 0x7716DE51 in C:\WINDOWS\SYSTEM32\ntdll.dll: EtwRegisterTraceGuidsW()
#11 0x77172A5F in C:\WINDOWS\SYSTEM32\ntdll.dll: RtlUnwind()
#12 0x7717C716 in C:\WINDOWS\SYSTEM32\ntdll.dll: KiUserExceptionDispatcher()
#13 0x77152312 in C:\WINDOWS\SYSTEM32\ntdll.dll: RtlFreeHeap()
#14 0x74A170B5 in C:\WINDOWS\System32\msvcrt.dll: free()
#19 0x7717305A in C:\WINDOWS\SYSTEM32\ntdll.dll: RtlValidSecurityDescriptor()
#20 0x7717302A in C:\WINDOWS\SYSTEM32\ntdll.dll: RtlValidSecurityDescriptor()

--------------------------------------------------
Developed with:

The Dumb Artist Library (TX Library)
TXLib [Ver: 00173a, Rev: 105, Date: 2018-06-12 00:00:00 +0300]
Copyright (C) Ded (Ilya Dedinsky, http://txlib.ru) <mail@txlib.ru>
See license on: http://txlib.ru

TXLib file:	D:\TX\TXlib.h
Compiled:	Oct 31 2018 22:03:14, GNU g++ 5.1.0, std=199711L, MinGW Runtime 3.20, 32-bit, Debug
Started:	Oct 31 2018 22:03:19

Run file:	C:\Users\zue26\Documents\GitHub\CPU\bin\Debug\CPU.exe
Directory:	C:\Users\zue26\Documents\GitHub\CPU

--------------------------------------------------

--------------------------------------------------
TXLib соболезнует...

Программа: C:\Users\zue26\Documents\GitHub\CPU\bin\Debug\CPU.exe,

ВНЕЗАПНО: Нарушение доступа к памяти.

#17: Исключение EXCEPTION_ACCESS_VIOLATION (0xC0000005) при выполнении кода по адресу 0x7715612F в функции RtlAllocateHeap(). Попытка прочесть данные по адресу 0x000ADA08. Также превышен лимит фатальных исключений _TX_FATAL_EXCEPTIONS_LIMIT (16). Спасибо _txVectoredExceptionHandler(), что сообщил. Люблю его <3

С помощью функции _set_se_translator() вы можете сами обработать эту ошибку.

#13: TXLib [Ver: 00173a, Rev: 105, Date: 2018-06-12 00:00:00 +0300], Instance: 0x004FC2C0 (32-bit), Flags: Cmdre0, Thread: 0x9F38 (Main), errno: 22 (Invalid argument). 

--------------------------------------------------
Стек вызовов:

# 0 0x7715612F in C:\WINDOWS\SYSTEM32\ntdll.dll: RtlAllocateHeap()
# 1 0x771549C9 in C:\WINDOWS\SYSTEM32\ntdll.dll: RtlAllocateHeap()
# 2 0x7715483E in C:\WINDOWS\SYSTEM32\ntdll.dll: RtlAllocateHeap()
# 3 0x74A172A0 in C:\WINDOWS\System32\msvcrt.dll: malloc()
# 4 0x7717A226 in C:\WINDOWS\SYSTEM32\ntdll.dll: RtlCheckTokenCapability()
# 5 0x7714ECA6 in C:\WINDOWS\SYSTEM32\ntdll.dll: RtlHashUnicodeString()
# 6 0x77146C81 in C:\WINDOWS\SYSTEM32\ntdll.dll: RtlAppendUnicodeStringToString()
# 7 0x77146943 in C:\WINDOWS\SYSTEM32\ntdll.dll: LdrLoadDll()
# 8 0x77146926 in C:\WINDOWS\SYSTEM32\ntdll.dll: LdrLoadDll()
# 9 0x77146926 in C:\WINDOWS\SYSTEM32\ntdll.dll: LdrLoadDll()
#10 0x77144097 in C:\WINDOWS\SYSTEM32\ntdll.dll: RtlEqualSid()
#11 0x77159AA9 in C:\WINDOWS\SYSTEM32\ntdll.dll: RtlEqualUnicodeString()
#12 0x77159DDB in C:\WINDOWS\SYSTEM32\ntdll.dll: RtlAddRefActivationContext()
#13 0x7715A324 in C:\WINDOWS\SYSTEM32\ntdll.dll: RtlFindActivationContextSectionGuid()
#14 0x7714D173 in C:\WINDOWS\SYSTEM32\ntdll.dll: LdrGetProcedureAddressForCaller()
#15 0x7714C4D4 in C:\WINDOWS\SYSTEM32\ntdll.dll: LdrResolveDelayLoadedAPI()
#16 0x7715492A in C:\WINDOWS\SYSTEM32\ntdll.dll: RtlAllocateHeap()
#17 0x7715483E in C:\WINDOWS\SYSTEM32\ntdll.dll: RtlAllocateHeap()

--------------------------------------------------
Developed with:

The Dumb Artist Library (TX Library)
TXLib [Ver: 00173a, Rev: 105, Date: 2018-06-12 00:00:00 +0300]
Copyright (C) Ded (Ilya Dedinsky, http://txlib.ru) <mail@txlib.ru>
See license on: http://txlib.ru

TXLib file:	D:\TX\TXlib.h
Compiled:	Oct 31 2018 22:03:14, GNU g++ 5.1.0, std=199711L, MinGW Runtime 3.20, 32-bit, Debug
Started:	Oct 31 2018 22:03:19

Run file:	C:\Users\zue26\Documents\GitHub\CPU\bin\Debug\CPU.exe
Directory:	C:\Users\zue26\Documents\GitHub\CPU

--------------------------------------------------

--------------------------------------------------
TXLib предупреждает:

Программа: C:\Users\zue26\Documents\GitHub\CPU\bin\Debug\CPU.exe,

ВНЕЗАПНО: Недопустимая операция с плавающей точкой.

#1: Исключение EXCEPTION_FLT_INVALID_OPERATION (0xC0000090) при выполнении кода по адресу 0x0041A2C1 в функции assembler() в файле C:/Users/zue26/Documents/GitHub/CPU/Commands.h на строке 3. Спасибо _txVectoredExceptionHandler(), что сообщил. Люблю его <3

#1: TXLib [Ver: 00173a, Rev: 105, Date: 2018-06-12 00:00:00 +0300], Instance: 0x004FC2C0 (32-bit), Flags: Cmdre0, Thread: 0x410 (Main). 

--------------------------------------------------
Стек вызовов:

# 0 0x0041A2C1 in C:\Users\zue26\Documents\GitHub\CPU\bin\Debug\CPU.exe: assembler() at C:/Users/zue26/Documents/GitHub/CPU/Commands.h (3):

      1: // COMMANDS. H
      2: 
=>    3: COM_DEF(push,1)
      4: COM_DEF(pop, 2)
      5: COM_DEF(sum, 3)

# 1 0x0041B9F3 in C:\Users\zue26\Documents\GitHub\CPU\bin\Debug\CPU.exe: main() at C:/Users/zue26/Documents/GitHub/CPU/main.cpp (9):

      7: int main()
      8: {
=>    9:     printf("%i", assembler());
     10:     return 0;
     11: }

--------------------------------------------------
Developed with:

The Dumb Artist Library (TX Library)
TXLib [Ver: 00173a, Rev: 105, Date: 2018-06-12 00:00:00 +0300]
Copyright (C) Ded (Ilya Dedinsky, http://txlib.ru) <mail@txlib.ru>
See license on: http://txlib.ru

TXLib file:	D:\TX\TXlib.h
Compiled:	Nov  1 2018 00:02:21, GNU g++ 5.1.0, std=199711L, MinGW Runtime 3.20, 32-bit, Debug
Started:	Nov 01 2018 00:02:26

Run file:	C:\Users\zue26\Documents\GitHub\CPU\bin\Debug\CPU.exe
Directory:	C:\Users\zue26\Documents\GitHub\CPU

--------------------------------------------------

--------------------------------------------------
TXLib соболезнует...

Программа: C:\Users\zue26\Documents\GitHub\CPU\bin\Debug\CPU.exe,

ВНЕЗАПНО: signal (8, 0x00): SIGFPE: Грубая ошибка в вычислениях. 

Недопустимая операция с плавающей точкой.

#1: Исключение EXCEPTION_FLT_INVALID_OPERATION (0xC0000090) при выполнении кода по адресу 0x0041A2C1 в функции assembler() в файле C:/Users/zue26/Documents/GitHub/CPU/Commands.h на строке 3. Спасибо _txVectoredExceptionHandler(), что сообщил. Люблю его <3

С помощью функции signal() вы можете сами обработать эту ошибку.

#2: TXLib [Ver: 00173a, Rev: 105, Date: 2018-06-12 00:00:00 +0300], Instance: 0x004FC2C0 (32-bit), Flags: Cmdre0, Thread: 0x410 (Main). 

--------------------------------------------------
Стек вызовов:

# 0 0x0041A2C1 in C:\Users\zue26\Documents\GitHub\CPU\bin\Debug\CPU.exe: assembler() at C:/Users/zue26/Documents/GitHub/CPU/Commands.h (3):

      1: // COMMANDS. H
      2: 
=>    3: COM_DEF(push,1)
      4: COM_DEF(pop, 2)
      5: COM_DEF(sum, 3)

# 1 0x0041B9F3 in C:\Users\zue26\Documents\GitHub\CPU\bin\Debug\CPU.exe: main() at C:/Users/zue26/Documents/GitHub/CPU/main.cpp (9):

      7: int main()
      8: {
=>    9:     printf("%i", assembler());
     10:     return 0;
     11: }

--------------------------------------------------
Developed with:

The Dumb Artist Library (TX Library)
TXLib [Ver: 00173a, Rev: 105, Date: 2018-06-12 00:00:00 +0300]
Copyright (C) Ded (Ilya Dedinsky, http://txlib.ru) <mail@txlib.ru>
See license on: http://txlib.ru

TXLib file:	D:\TX\TXlib.h
Compiled:	Nov  1 2018 00:02:21, GNU g++ 5.1.0, std=199711L, MinGW Runtime 3.20, 32-bit, Debug
Started:	Nov 01 2018 00:02:26

Run file:	C:\Users\zue26\Documents\GitHub\CPU\bin\Debug\CPU.exe
Directory:	C:\Users\zue26\Documents\GitHub\CPU

--------------------------------------------------

--------------------------------------------------
TXLib предупреждает:

Программа: C:\Users\zue26\Documents\GitHub\CPU\bin\Debug\CPU.exe,

ВНЕЗАПНО: Недопустимая операция с плавающей точкой.

#1: Исключение EXCEPTION_FLT_INVALID_OPERATION (0xC0000090) при выполнении кода по адресу 0x0041A2C1 в функции assembler() в файле C:/Users/zue26/Documents/GitHub/CPU/Commands.h на строке 3. Спасибо _txVectoredExceptionHandler(), что сообщил. Люблю его <3

#1: TXLib [Ver: 00173a, Rev: 105, Date: 2018-06-12 00:00:00 +0300], Instance: 0x004FC2C0 (32-bit), Flags: Cmdre0, Thread: 0x5BD4 (Main). 

--------------------------------------------------
Стек вызовов:

# 0 0x0041A2C1 in C:\Users\zue26\Documents\GitHub\CPU\bin\Debug\CPU.exe: assembler() at C:/Users/zue26/Documents/GitHub/CPU/Commands.h (3):

      1: // COMMANDS. H
      2: 
=>    3: COM_DEF(push,1)
      4: COM_DEF(pop, 2)
      5: COM_DEF(sum, 3)

# 1 0x0041B9F3 in C:\Users\zue26\Documents\GitHub\CPU\bin\Debug\CPU.exe: main() at C:/Users/zue26/Documents/GitHub/CPU/main.cpp (9):

      7: int main()
      8: {
=>    9:     printf("%i", assembler());
     10:     return 0;
     11: }

--------------------------------------------------
Developed with:

The Dumb Artist Library (TX Library)
TXLib [Ver: 00173a, Rev: 105, Date: 2018-06-12 00:00:00 +0300]
Copyright (C) Ded (Ilya Dedinsky, http://txlib.ru) <mail@txlib.ru>
See license on: http://txlib.ru

TXLib file:	D:\TX\TXlib.h
Compiled:	Nov  1 2018 00:03:46, GNU g++ 5.1.0, std=199711L, MinGW Runtime 3.20, 32-bit, Debug
Started:	Nov 01 2018 00:03:51

Run file:	C:\Users\zue26\Documents\GitHub\CPU\bin\Debug\CPU.exe
Directory:	C:\Users\zue26\Documents\GitHub\CPU

--------------------------------------------------

--------------------------------------------------
TXLib соболезнует...

Программа: C:\Users\zue26\Documents\GitHub\CPU\bin\Debug\CPU.exe,

ВНЕЗАПНО: signal (8, 0x00): SIGFPE: Грубая ошибка в вычислениях. 

Недопустимая операция с плавающей точкой.

#1: Исключение EXCEPTION_FLT_INVALID_OPERATION (0xC0000090) при выполнении кода по адресу 0x0041A2C1 в функции assembler() в файле C:/Users/zue26/Documents/GitHub/CPU/Commands.h на строке 3. Спасибо _txVectoredExceptionHandler(), что сообщил. Люблю его <3

С помощью функции signal() вы можете сами обработать эту ошибку.

#2: TXLib [Ver: 00173a, Rev: 105, Date: 2018-06-12 00:00:00 +0300], Instance: 0x004FC2C0 (32-bit), Flags: Cmdre0, Thread: 0x5BD4 (Main). 

--------------------------------------------------
Стек вызовов:

# 0 0x0041A2C1 in C:\Users\zue26\Documents\GitHub\CPU\bin\Debug\CPU.exe: assembler() at C:/Users/zue26/Documents/GitHub/CPU/Commands.h (3):

      1: // COMMANDS. H
      2: 
=>    3: COM_DEF(push,1)
      4: COM_DEF(pop, 2)
      5: COM_DEF(sum, 3)

# 1 0x0041B9F3 in C:\Users\zue26\Documents\GitHub\CPU\bin\Debug\CPU.exe: main() at C:/Users/zue26/Documents/GitHub/CPU/main.cpp (9):

      7: int main()
      8: {
=>    9:     printf("%i", assembler());
     10:     return 0;
     11: }

--------------------------------------------------
Developed with:

The Dumb Artist Library (TX Library)
TXLib [Ver: 00173a, Rev: 105, Date: 2018-06-12 00:00:00 +0300]
Copyright (C) Ded (Ilya Dedinsky, http://txlib.ru) <mail@txlib.ru>
See license on: http://txlib.ru

TXLib file:	D:\TX\TXlib.h
Compiled:	Nov  1 2018 00:03:46, GNU g++ 5.1.0, std=199711L, MinGW Runtime 3.20, 32-bit, Debug
Started:	Nov 01 2018 00:03:51

Run file:	C:\Users\zue26\Documents\GitHub\CPU\bin\Debug\CPU.exe
Directory:	C:\Users\zue26\Documents\GitHub\CPU

--------------------------------------------------

--------------------------------------------------
TXLib предупреждает:

Программа: C:\Users\zue26\Documents\GitHub\CPU\bin\Debug\CPU.exe,

ВНЕЗАПНО: Недопустимая операция с плавающей точкой.

#1: Исключение EXCEPTION_FLT_INVALID_OPERATION (0xC0000090) при выполнении кода по адресу 0x0041A2C1 в функции assembler() в файле C:/Users/zue26/Documents/GitHub/CPU/Commands.h на строке 3. Спасибо _txVectoredExceptionHandler(), что сообщил. Люблю его <3

#1: TXLib [Ver: 00173a, Rev: 105, Date: 2018-06-12 00:00:00 +0300], Instance: 0x004FC2C0 (32-bit), Flags: Cmdre0, Thread: 0x30B0 (Main). 

--------------------------------------------------
Стек вызовов:

# 0 0x0041A2C1 in C:\Users\zue26\Documents\GitHub\CPU\bin\Debug\CPU.exe: assembler() at C:/Users/zue26/Documents/GitHub/CPU/Commands.h (3):

      1: // COMMANDS. H
      2: 
=>    3: COM_DEF(push,1)
      4: COM_DEF(pop,2)
      5: COM_DEF(sum,3)

# 1 0x0041B9F3 in C:\Users\zue26\Documents\GitHub\CPU\bin\Debug\CPU.exe: main() at C:/Users/zue26/Documents/GitHub/CPU/main.cpp (9):

      7: int main()
      8: {
=>    9:     printf("%i", assembler());
     10:     return 0;
     11: }

--------------------------------------------------
Developed with:

The Dumb Artist Library (TX Library)
TXLib [Ver: 00173a, Rev: 105, Date: 2018-06-12 00:00:00 +0300]
Copyright (C) Ded (Ilya Dedinsky, http://txlib.ru) <mail@txlib.ru>
See license on: http://txlib.ru

TXLib file:	D:\TX\TXlib.h
Compiled:	Nov  1 2018 00:05:33, GNU g++ 5.1.0, std=199711L, MinGW Runtime 3.20, 32-bit, Debug
Started:	Nov 01 2018 00:05:38

Run file:	C:\Users\zue26\Documents\GitHub\CPU\bin\Debug\CPU.exe
Directory:	C:\Users\zue26\Documents\GitHub\CPU

--------------------------------------------------

--------------------------------------------------
TXLib соболезнует...

Программа: C:\Users\zue26\Documents\GitHub\CPU\bin\Debug\CPU.exe,

ВНЕЗАПНО: signal (8, 0x00): SIGFPE: Грубая ошибка в вычислениях. 

Недопустимая операция с плавающей точкой.

#1: Исключение EXCEPTION_FLT_INVALID_OPERATION (0xC0000090) при выполнении кода по адресу 0x0041A2C1 в функции assembler() в файле C:/Users/zue26/Documents/GitHub/CPU/Commands.h на строке 3. Спасибо _txVectoredExceptionHandler(), что сообщил. Люблю его <3

С помощью функции signal() вы можете сами обработать эту ошибку.

#2: TXLib [Ver: 00173a, Rev: 105, Date: 2018-06-12 00:00:00 +0300], Instance: 0x004FC2C0 (32-bit), Flags: Cmdre0, Thread: 0x30B0 (Main). 

--------------------------------------------------
Стек вызовов:

# 0 0x0041A2C1 in C:\Users\zue26\Documents\GitHub\CPU\bin\Debug\CPU.exe: assembler() at C:/Users/zue26/Documents/GitHub/CPU/Commands.h (3):

      1: // COMMANDS. H
      2: 
=>    3: COM_DEF(push,1)
      4: COM_DEF(pop,2)
      5: COM_DEF(sum,3)

# 1 0x0041B9F3 in C:\Users\zue26\Documents\GitHub\CPU\bin\Debug\CPU.exe: main() at C:/Users/zue26/Documents/GitHub/CPU/main.cpp (9):

      7: int main()
      8: {
=>    9:     printf("%i", assembler());
     10:     return 0;
     11: }

--------------------------------------------------
Developed with:

The Dumb Artist Library (TX Library)
TXLib [Ver: 00173a, Rev: 105, Date: 2018-06-12 00:00:00 +0300]
Copyright (C) Ded (Ilya Dedinsky, http://txlib.ru) <mail@txlib.ru>
See license on: http://txlib.ru

TXLib file:	D:\TX\TXlib.h
Compiled:	Nov  1 2018 00:05:33, GNU g++ 5.1.0, std=199711L, MinGW Runtime 3.20, 32-bit, Debug
Started:	Nov 01 2018 00:05:38

Run file:	C:\Users\zue26\Documents\GitHub\CPU\bin\Debug\CPU.exe
Directory:	C:\Users\zue26\Documents\GitHub\CPU

--------------------------------------------------

--------------------------------------------------
TXLib предупреждает:

Программа: C:\Users\zue26\Documents\GitHub\CPU\bin\Debug\CPU.exe,

ВНЕЗАПНО: Недопустимая операция с плавающей точкой.

#1: Исключение EXCEPTION_FLT_INVALID_OPERATION (0xC0000090) при выполнении кода по адресу 0x0041A2F5 в функции assembler() в файле C:/Users/zue26/Documents/GitHub/CPU/Commands.h на строке 3. Спасибо _txVectoredExceptionHandler(), что сообщил. Люблю его <3

#1: TXLib [Ver: 00173a, Rev: 105, Date: 2018-06-12 00:00:00 +0300], Instance: 0x004FC2C0 (32-bit), Flags: Cmdre0, Thread: 0x95C (Main), GetLastError(): 2 (Не удается найти указанный файл). 

--------------------------------------------------
Стек вызовов:

# 0 0x0041A2F5 in C:\Users\zue26\Documents\GitHub\CPU\bin\Debug\CPU.exe: assembler() at C:/Users/zue26/Documents/GitHub/CPU/Commands.h (3):

      1: // COMMANDS. H
      2: 
=>    3: COM_DEF(push,1)
      4: COM_DEF(pop,2)
      5: COM_DEF(sum,3)

# 1 0x0041BA97 in C:\Users\zue26\Documents\GitHub\CPU\bin\Debug\CPU.exe: main() at C:/Users/zue26/Documents/GitHub/CPU/main.cpp (9):

      7: int main()
      8: {
=>    9:     printf("%i", assembler());
     10:     return 0;
     11: }

--------------------------------------------------
Developed with:

The Dumb Artist Library (TX Library)
TXLib [Ver: 00173a, Rev: 105, Date: 2018-06-12 00:00:00 +0300]
Copyright (C) Ded (Ilya Dedinsky, http://txlib.ru) <mail@txlib.ru>
See license on: http://txlib.ru

TXLib file:	D:\TX\TXlib.h
Compiled:	Nov  1 2018 00:07:58, GNU g++ 5.1.0, std=199711L, MinGW Runtime 3.20, 32-bit, Debug
Started:	Nov 01 2018 00:08:03

Run file:	C:\Users\zue26\Documents\GitHub\CPU\bin\Debug\CPU.exe
Directory:	C:\Users\zue26\Documents\GitHub\CPU

--------------------------------------------------

--------------------------------------------------
TXLib соболезнует...

Программа: C:\Users\zue26\Documents\GitHub\CPU\bin\Debug\CPU.exe,

ВНЕЗАПНО: signal (8, 0x00): SIGFPE: Грубая ошибка в вычислениях. 

Недопустимая операция с плавающей точкой.

#1: Исключение EXCEPTION_FLT_INVALID_OPERATION (0xC0000090) при выполнении кода по адресу 0x0041A2F5 в функции assembler() в файле C:/Users/zue26/Documents/GitHub/CPU/Commands.h на строке 3. Спасибо _txVectoredExceptionHandler(), что сообщил. Люблю его <3

С помощью функции signal() вы можете сами обработать эту ошибку.

#2: TXLib [Ver: 00173a, Rev: 105, Date: 2018-06-12 00:00:00 +0300], Instance: 0x004FC2C0 (32-bit), Flags: Cmdre0, Thread: 0x95C (Main), GetLastError(): 2 (Не удается найти указанный файл). 

--------------------------------------------------
Стек вызовов:

# 0 0x0041A2F5 in C:\Users\zue26\Documents\GitHub\CPU\bin\Debug\CPU.exe: assembler() at C:/Users/zue26/Documents/GitHub/CPU/Commands.h (3):

      1: // COMMANDS. H
      2: 
=>    3: COM_DEF(push,1)
      4: COM_DEF(pop,2)
      5: COM_DEF(sum,3)

# 1 0x0041BA97 in C:\Users\zue26\Documents\GitHub\CPU\bin\Debug\CPU.exe: main() at C:/Users/zue26/Documents/GitHub/CPU/main.cpp (9):

      7: int main()
      8: {
=>    9:     printf("%i", assembler());
     10:     return 0;
     11: }

--------------------------------------------------
Developed with:

The Dumb Artist Library (TX Library)
TXLib [Ver: 00173a, Rev: 105, Date: 2018-06-12 00:00:00 +0300]
Copyright (C) Ded (Ilya Dedinsky, http://txlib.ru) <mail@txlib.ru>
See license on: http://txlib.ru

TXLib file:	D:\TX\TXlib.h
Compiled:	Nov  1 2018 00:07:58, GNU g++ 5.1.0, std=199711L, MinGW Runtime 3.20, 32-bit, Debug
Started:	Nov 01 2018 00:08:03

Run file:	C:\Users\zue26\Documents\GitHub\CPU\bin\Debug\CPU.exe
Directory:	C:\Users\zue26\Documents\GitHub\CPU

--------------------------------------------------

--------------------------------------------------
TXLib предупреждает:

Программа: C:\Users\zue26\Documents\GitHub\CPU\bin\Debug\CPU.exe,

ВНЕЗАПНО: Недопустимая операция с плавающей точкой.

#1: Исключение EXCEPTION_FLT_INVALID_OPERATION (0xC0000090) при выполнении кода по адресу 0x0041A2F5 в функции assembler() в файле C:/Users/zue26/Documents/GitHub/CPU/Commands.h на строке 3. Спасибо _txVectoredExceptionHandler(), что сообщил. Люблю его <3

#1: TXLib [Ver: 00173a, Rev: 105, Date: 2018-06-12 00:00:00 +0300], Instance: 0x004FC2C0 (32-bit), Flags: Cmdre0, Thread: 0x4AAC (Main), GetLastError(): 2 (Не удается найти указанный файл). 

--------------------------------------------------
Стек вызовов:

# 0 0x0041A2F5 in C:\Users\zue26\Documents\GitHub\CPU\bin\Debug\CPU.exe: assembler() at C:/Users/zue26/Documents/GitHub/CPU/Commands.h (3):

      1: // COMMANDS. H
      2: 
=>    3: COM_DEF(push,1)
      4: COM_DEF(pop,2)
      5: COM_DEF(sum,3)

# 1 0x0041BA97 in C:\Users\zue26\Documents\GitHub\CPU\bin\Debug\CPU.exe: main() at C:/Users/zue26/Documents/GitHub/CPU/main.cpp (9):

      7: int main()
      8: {
=>    9:     printf("%i", assembler());
     10:     return 0;
     11: }

--------------------------------------------------
Developed with:

The Dumb Artist Library (TX Library)
TXLib [Ver: 00173a, Rev: 105, Date: 2018-06-12 00:00:00 +0300]
Copyright (C) Ded (Ilya Dedinsky, http://txlib.ru) <mail@txlib.ru>
See license on: http://txlib.ru

TXLib file:	D:\TX\TXlib.h
Compiled:	Nov  1 2018 00:13:11, GNU g++ 5.1.0, std=199711L, MinGW Runtime 3.20, 32-bit, Debug
Started:	Nov 01 2018 00:13:15

Run file:	C:\Users\zue26\Documents\GitHub\CPU\bin\Debug\CPU.exe
Directory:	C:\Users\zue26\Documents\GitHub\CPU

--------------------------------------------------

--------------------------------------------------
TXLib соболезнует...

Программа: C:\Users\zue26\Documents\GitHub\CPU\bin\Debug\CPU.exe,

ВНЕЗАПНО: signal (8, 0x00): SIGFPE: Грубая ошибка в вычислениях. 

Недопустимая операция с плавающей точкой.

#1: Исключение EXCEPTION_FLT_INVALID_OPERATION (0xC0000090) при выполнении кода по адресу 0x0041A2F5 в функции assembler() в файле C:/Users/zue26/Documents/GitHub/CPU/Commands.h на строке 3. Спасибо _txVectoredExceptionHandler(), что сообщил. Люблю его <3

С помощью функции signal() вы можете сами обработать эту ошибку.

#2: TXLib [Ver: 00173a, Rev: 105, Date: 2018-06-12 00:00:00 +0300], Instance: 0x004FC2C0 (32-bit), Flags: Cmdre0, Thread: 0x4AAC (Main), GetLastError(): 2 (Не удается найти указанный файл). 

--------------------------------------------------
Стек вызовов:

# 0 0x0041A2F5 in C:\Users\zue26\Documents\GitHub\CPU\bin\Debug\CPU.exe: assembler() at C:/Users/zue26/Documents/GitHub/CPU/Commands.h (3):

      1: // COMMANDS. H
      2: 
=>    3: COM_DEF(push,1)
      4: COM_DEF(pop,2)
      5: COM_DEF(sum,3)

# 1 0x0041BA97 in C:\Users\zue26\Documents\GitHub\CPU\bin\Debug\CPU.exe: main() at C:/Users/zue26/Documents/GitHub/CPU/main.cpp (9):

      7: int main()
      8: {
=>    9:     printf("%i", assembler());
     10:     return 0;
     11: }

--------------------------------------------------
Developed with:

The Dumb Artist Library (TX Library)
TXLib [Ver: 00173a, Rev: 105, Date: 2018-06-12 00:00:00 +0300]
Copyright (C) Ded (Ilya Dedinsky, http://txlib.ru) <mail@txlib.ru>
See license on: http://txlib.ru

TXLib file:	D:\TX\TXlib.h
Compiled:	Nov  1 2018 00:13:11, GNU g++ 5.1.0, std=199711L, MinGW Runtime 3.20, 32-bit, Debug
Started:	Nov 01 2018 00:13:15

Run file:	C:\Users\zue26\Documents\GitHub\CPU\bin\Debug\CPU.exe
Directory:	C:\Users\zue26\Documents\GitHub\CPU

--------------------------------------------------
